<?xml version="1.0" encoding="UTF-8" ?>
<testsuite tests="6" failures="0" name="PaymentModelTest" time="0.426" errors="0" skipped="0">
  <properties>
[...]
</properties>
  <testcase classname="PaymentModelTest" name="createConnection" time="0.089"/>
  <testcase classname="PaymentModelTest" name="getDbStatus" time="0.048"/>
  <testcase classname="PaymentModelTest" name="CreatePursy" time="0.063"/>
  <testcase classname="PaymentModelTest" name="WithdrawCash" time="0.078"/>
  <testcase classname="PaymentModelTest" name="AddCash" time="0.085"/>
  <testcase classname="PaymentModelTest" name="ShowCash" time="0.063"/>
</testsuite>